\BOOKMARK [0][-]{Doc-Start}{Title}{}% 1
\BOOKMARK [0][-]{chapter*.1}{Contents}{}% 2
\BOOKMARK [0][-]{chapter*.2}{List of Figures}{}% 3
\BOOKMARK [0][-]{chapter.1}{Purpose}{}% 4
\BOOKMARK [1][-]{section.1.1}{Learning and Research}{chapter.1}% 5
\BOOKMARK [1][-]{section.1.2}{Functional Examples}{chapter.1}% 6
\BOOKMARK [1][-]{section.1.3}{Demos}{chapter.1}% 7
\BOOKMARK [1][-]{section.1.4}{Not Competition}{chapter.1}% 8
\BOOKMARK [0][-]{chapter.2}{Requirements}{}% 9
\BOOKMARK [1][-]{section.2.1}{Provide a Stable Research Platform}{chapter.2}% 10
\BOOKMARK [1][-]{section.2.2}{Be Good Examples of ROS Design}{chapter.2}% 11
\BOOKMARK [1][-]{section.2.3}{Separate Noisy Components}{chapter.2}% 12
\BOOKMARK [1][-]{section.2.4}{Easily Re-configurable}{chapter.2}% 13
\BOOKMARK [1][-]{section.2.5}{Easily Maintainable and Accessible}{chapter.2}% 14
\BOOKMARK [0][-]{chapter.3}{Mechanical Design}{}% 15
\BOOKMARK [1][-]{section.3.1}{Surface Mobility Platform}{chapter.3}% 16
\BOOKMARK [1][-]{section.3.2}{Mecanum}{chapter.3}% 17
\BOOKMARK [0][-]{chapter.4}{Electrical Design}{}% 18
\BOOKMARK [1][-]{section.4.1}{Parts List}{chapter.4}% 19
\BOOKMARK [2][-]{subsection.4.1.1}{DC Motors With Encoders}{section.4.1}% 20
\BOOKMARK [2][-]{subsection.4.1.2}{Motor Controller}{section.4.1}% 21
\BOOKMARK [2][-]{subsection.4.1.3}{Contactor}{section.4.1}% 22
\BOOKMARK [2][-]{subsection.4.1.4}{DC-DC Converter}{section.4.1}% 23
\BOOKMARK [2][-]{subsection.4.1.5}{Power Switch}{section.4.1}% 24
\BOOKMARK [2][-]{subsection.4.1.6}{Terminal Blocks}{section.4.1}% 25
\BOOKMARK [2][-]{subsection.4.1.7}{Odroid XU3 Lite}{section.4.1}% 26
\BOOKMARK [2][-]{subsection.4.1.8}{Wireless router}{section.4.1}% 27
\BOOKMARK [2][-]{subsection.4.1.9}{LiDAR}{section.4.1}% 28
\BOOKMARK [2][-]{subsection.4.1.10}{ASUS}{section.4.1}% 29
\BOOKMARK [2][-]{subsection.4.1.11}{IMU}{section.4.1}% 30
\BOOKMARK [1][-]{section.4.2}{Wiring Diagrams}{chapter.4}% 31
\BOOKMARK [0][-]{chapter.5}{ROS Architecture}{}% 32
\BOOKMARK [1][-]{section.5.1}{Nodes}{chapter.5}% 33
\BOOKMARK [1][-]{section.5.2}{rqtplot}{chapter.5}% 34
\BOOKMARK [1][-]{section.5.3}{Other Packages}{chapter.5}% 35
\BOOKMARK [1][-]{section.5.4}{Other Files}{chapter.5}% 36
